<?xml version="1.0" encoding="UTF-8"?>
<coverage generated="1707377795867" clover="3.2.0">
  <project timestamp="1707377795867" name="All files">
    <metrics statements="32" coveredstatements="32" conditionals="10" coveredconditionals="10" methods="9" coveredmethods="9" elements="51" coveredelements="51" complexity="0" loc="32" ncloc="32" packages="1" files="3" classes="3"/>
    <file name="AbstractQueue.ts" path="/workspaces/codespaces-blank/e3fs-tutorials/tsdev/src/Queue/AbstractQueue.ts">
      <metrics statements="1" coveredstatements="1" conditionals="0" coveredconditionals="0" methods="0" coveredmethods="0"/>
      <line num="4" count="1" type="stmt"/>
    </file>
    <file name="Queue.interface.ts" path="/workspaces/codespaces-blank/e3fs-tutorials/tsdev/src/Queue/Queue.interface.ts">
      <metrics statements="8" coveredstatements="8" conditionals="2" coveredconditionals="2" methods="2" coveredmethods="2"/>
      <line num="10" count="1" type="cond" truecount="2" falsecount="0"/>
      <line num="11" count="1" type="stmt"/>
      <line num="12" count="1" type="stmt"/>
      <line num="13" count="1" type="stmt"/>
      <line num="16" count="1" type="stmt"/>
      <line num="18" count="5" type="stmt"/>
      <line num="19" count="5" type="stmt"/>
      <line num="20" count="5" type="stmt"/>
    </file>
    <file name="Queue.ts" path="/workspaces/codespaces-blank/e3fs-tutorials/tsdev/src/Queue/Queue.ts">
      <metrics statements="23" coveredstatements="23" conditionals="8" coveredconditionals="8" methods="7" coveredmethods="7"/>
      <line num="1" count="1" type="stmt"/>
      <line num="2" count="1" type="stmt"/>
      <line num="4" count="1" type="stmt"/>
      <line num="5" count="1" type="stmt"/>
      <line num="6" count="1" type="stmt"/>
      <line num="9" count="1" type="stmt"/>
      <line num="12" count="7" type="cond" truecount="2" falsecount="0"/>
      <line num="13" count="5" type="stmt"/>
      <line num="15" count="2" type="stmt"/>
      <line num="19" count="3" type="cond" truecount="2" falsecount="0"/>
      <line num="20" count="2" type="stmt"/>
      <line num="21" count="2" type="stmt"/>
      <line num="23" count="1" type="stmt"/>
      <line num="27" count="2" type="cond" truecount="2" falsecount="0"/>
      <line num="28" count="1" type="stmt"/>
      <line num="29" count="1" type="stmt"/>
      <line num="31" count="1" type="stmt"/>
      <line num="35" count="18" type="stmt"/>
      <line num="36" count="18" type="stmt"/>
      <line num="39" count="6" type="cond" truecount="2" falsecount="0"/>
      <line num="40" count="5" type="stmt"/>
      <line num="42" count="1" type="stmt"/>
      <line num="46" count="3" type="stmt"/>
    </file>
  </project>
</coverage>
