{"/workspaces/codespaces-blank/e3fs-tutorials/tsdev/src/Queue/AbstractQueue.ts": {"path":"/workspaces/codespaces-blank/e3fs-tutorials/tsdev/src/Queue/AbstractQueue.ts","statementMap":{"0":{"start":{"line":4,"column":0},"end":{"line":4,"column":22}}},"fnMap":{},"branchMap":{},"s":{"0":1},"f":{},"b":{}}
,"/workspaces/codespaces-blank/e3fs-tutorials/tsdev/src/Queue/Queue.interface.ts": {"path":"/workspaces/codespaces-blank/e3fs-tutorials/tsdev/src/Queue/Queue.interface.ts","statementMap":{"0":{"start":{"line":10,"column":0},"end":{"line":10,"column":null}},"1":{"start":{"line":11,"column":4},"end":{"line":11,"column":null}},"2":{"start":{"line":12,"column":4},"end":{"line":12,"column":null}},"3":{"start":{"line":13,"column":4},"end":{"line":13,"column":null}},"4":{"start":{"line":18,"column":6},"end":{"line":18,"column":21}},"5":{"start":{"line":19,"column":6},"end":{"line":19,"column":28}},"6":{"start":{"line":20,"column":6},"end":{"line":20,"column":56}},"7":{"start":{"line":16,"column":0},"end":{"line":16,"column":13}}},"fnMap":{"0":{"name":"(anonymous_0)","decl":{"start":{"line":10,"column":0},"end":{"line":10,"column":12}},"loc":{"start":{"line":10,"column":26},"end":{"line":14,"column":1}}},"1":{"name":"(anonymous_1)","decl":{"start":{"line":17,"column":4},"end":{"line":17,"column":16}},"loc":{"start":{"line":17,"column":59},"end":{"line":21,"column":5}}}},"branchMap":{"0":{"loc":{"start":{"line":10,"column":12},"end":{"line":10,"column":null}},"type":"binary-expr","locations":[{"start":{"line":10,"column":12},"end":{"line":10,"column":26}},{"start":{"line":10,"column":26},"end":{"line":10,"column":null}}]}},"s":{"0":1,"1":1,"2":1,"3":1,"4":5,"5":5,"6":5,"7":1},"f":{"0":1,"1":5},"b":{"0":[1,1]}}
,"/workspaces/codespaces-blank/e3fs-tutorials/tsdev/src/Queue/Queue.ts": {"path":"/workspaces/codespaces-blank/e3fs-tutorials/tsdev/src/Queue/Queue.ts","statementMap":{"0":{"start":{"line":1,"column":0},"end":{"line":1,"column":48}},"1":{"start":{"line":2,"column":0},"end":{"line":2,"column":63}},"2":{"start":{"line":9,"column":8},"end":{"line":9,"column":16}},"3":{"start":{"line":5,"column":12},"end":{"line":5,"column":31}},"4":{"start":{"line":6,"column":12},"end":{"line":6,"column":25}},"5":{"start":{"line":12,"column":8},"end":{"line":16,"column":9}},"6":{"start":{"line":13,"column":12},"end":{"line":13,"column":37}},"7":{"start":{"line":15,"column":12},"end":{"line":15,"column":null}},"8":{"start":{"line":19,"column":8},"end":{"line":24,"column":9}},"9":{"start":{"line":20,"column":31},"end":{"line":20,"column":52}},"10":{"start":{"line":21,"column":12},"end":{"line":21,"column":32}},"11":{"start":{"line":23,"column":12},"end":{"line":23,"column":null}},"12":{"start":{"line":27,"column":8},"end":{"line":32,"column":9}},"13":{"start":{"line":28,"column":31},"end":{"line":28,"column":47}},"14":{"start":{"line":29,"column":12},"end":{"line":29,"column":32}},"15":{"start":{"line":31,"column":12},"end":{"line":31,"column":null}},"16":{"start":{"line":35,"column":29},"end":{"line":35,"column":49}},"17":{"start":{"line":36,"column":8},"end":{"line":36,"column":30}},"18":{"start":{"line":39,"column":8},"end":{"line":43,"column":9}},"19":{"start":{"line":40,"column":12},"end":{"line":40,"column":37}},"20":{"start":{"line":42,"column":12},"end":{"line":42,"column":null}},"21":{"start":{"line":46,"column":8},"end":{"line":46,"column":29}},"22":{"start":{"line":4,"column":0},"end":{"line":4,"column":13}}},"fnMap":{"0":{"name":"(anonymous_0)","decl":{"start":{"line":8,"column":4},"end":{"line":8,"column":null}},"loc":{"start":{"line":8,"column":4},"end":{"line":10,"column":5}}},"1":{"name":"(anonymous_1)","decl":{"start":{"line":11,"column":4},"end":{"line":11,"column":11}},"loc":{"start":{"line":11,"column":19},"end":{"line":17,"column":5}}},"2":{"name":"(anonymous_2)","decl":{"start":{"line":18,"column":4},"end":{"line":18,"column":11}},"loc":{"start":{"line":18,"column":11},"end":{"line":25,"column":5}}},"3":{"name":"(anonymous_3)","decl":{"start":{"line":26,"column":4},"end":{"line":26,"column":8}},"loc":{"start":{"line":26,"column":8},"end":{"line":33,"column":5}}},"4":{"name":"(anonymous_4)","decl":{"start":{"line":34,"column":4},"end":{"line":34,"column":10}},"loc":{"start":{"line":34,"column":10},"end":{"line":37,"column":5}}},"5":{"name":"(anonymous_5)","decl":{"start":{"line":38,"column":4},"end":{"line":38,"column":15}},"loc":{"start":{"line":38,"column":32},"end":{"line":44,"column":5}}},"6":{"name":"(anonymous_6)","decl":{"start":{"line":45,"column":4},"end":{"line":45,"column":15}},"loc":{"start":{"line":45,"column":15},"end":{"line":47,"column":5}}}},"branchMap":{"0":{"loc":{"start":{"line":12,"column":8},"end":{"line":16,"column":9}},"type":"if","locations":[{"start":{"line":12,"column":8},"end":{"line":16,"column":9}},{"start":{"line":14,"column":13},"end":{"line":16,"column":9}}]},"1":{"loc":{"start":{"line":19,"column":8},"end":{"line":24,"column":9}},"type":"if","locations":[{"start":{"line":19,"column":8},"end":{"line":24,"column":9}},{"start":{"line":22,"column":13},"end":{"line":24,"column":9}}]},"2":{"loc":{"start":{"line":27,"column":8},"end":{"line":32,"column":9}},"type":"if","locations":[{"start":{"line":27,"column":8},"end":{"line":32,"column":9}},{"start":{"line":30,"column":13},"end":{"line":32,"column":9}}]},"3":{"loc":{"start":{"line":39,"column":8},"end":{"line":43,"column":9}},"type":"if","locations":[{"start":{"line":39,"column":8},"end":{"line":43,"column":9}},{"start":{"line":41,"column":13},"end":{"line":43,"column":9}}]}},"s":{"0":1,"1":1,"2":1,"3":1,"4":1,"5":7,"6":5,"7":2,"8":3,"9":2,"10":2,"11":1,"12":2,"13":1,"14":1,"15":1,"16":18,"17":18,"18":6,"19":5,"20":1,"21":3,"22":1},"f":{"0":1,"1":7,"2":3,"3":2,"4":18,"5":6,"6":3},"b":{"0":[5,2],"1":[2,1],"2":[1,1],"3":[5,1]}}
}
