TN:
SF:src/Queue/AbstractQueue.ts
FNF:0
FNH:0
DA:4,1
LF:1
LH:1
BRF:0
BRH:0
end_of_record
TN:
SF:src/Queue/Queue.interface.ts
FN:10,(anonymous_0)
FN:17,(anonymous_1)
FNF:2
FNH:2
FNDA:1,(anonymous_0)
FNDA:5,(anonymous_1)
DA:10,1
DA:11,1
DA:12,1
DA:13,1
DA:16,1
DA:18,5
DA:19,5
DA:20,5
LF:8
LH:8
BRDA:10,0,0,1
BRDA:10,0,1,1
BRF:2
BRH:2
end_of_record
TN:
SF:src/Queue/Queue.ts
FN:8,(anonymous_0)
FN:11,(anonymous_1)
FN:18,(anonymous_2)
FN:26,(anonymous_3)
FN:34,(anonymous_4)
FN:38,(anonymous_5)
FN:45,(anonymous_6)
FNF:7
FNH:7
FNDA:1,(anonymous_0)
FNDA:7,(anonymous_1)
FNDA:3,(anonymous_2)
FNDA:2,(anonymous_3)
FNDA:18,(anonymous_4)
FNDA:6,(anonymous_5)
FNDA:3,(anonymous_6)
DA:1,1
DA:2,1
DA:4,1
DA:5,1
DA:6,1
DA:9,1
DA:12,7
DA:13,5
DA:15,2
DA:19,3
DA:20,2
DA:21,2
DA:23,1
DA:27,2
DA:28,1
DA:29,1
DA:31,1
DA:35,18
DA:36,18
DA:39,6
DA:40,5
DA:42,1
DA:46,3
LF:23
LH:23
BRDA:12,0,0,5
BRDA:12,0,1,2
BRDA:19,1,0,2
BRDA:19,1,1,1
BRDA:27,2,0,1
BRDA:27,2,1,1
BRDA:39,3,0,5
BRDA:39,3,1,1
BRF:8
BRH:8
end_of_record
